c:\users\mary\sdl_gamelife\x64\debug\vc143.pdb
c:\users\mary\sdl_gamelife\x64\debug\vc143.idb
c:\users\mary\sdl_gamelife\x64\debug\tools.obj
c:\users\mary\sdl_gamelife\x64\debug\sound.obj
c:\users\mary\sdl_gamelife\x64\debug\main.obj
c:\users\mary\sdl_gamelife\x64\debug\frame_menu.obj
c:\users\mary\sdl_gamelife\x64\debug\frame_loading.obj
c:\users\mary\sdl_gamelife\x64\debug\frame_grid.obj
c:\users\mary\sdl_gamelife\x64\debug\fonts.obj
c:\users\mary\sdl_gamelife\x64\debug\application.obj
c:\users\mary\sdl_gamelife\x64\debug\sdl_gamelife.exe
c:\users\mary\sdl_gamelife\x64\debug\sdl_gamelife.ilk
c:\users\mary\sdl_gamelife\x64\debug\sdl_gamelife.pdb
c:\users\mary\sdl_gamelife\x64\debug\sdl_gamelife.tlog\cl.command.1.tlog
c:\users\mary\sdl_gamelife\x64\debug\sdl_gamelife.tlog\cl.items.tlog
c:\users\mary\sdl_gamelife\x64\debug\sdl_gamelife.tlog\cl.read.1.tlog
c:\users\mary\sdl_gamelife\x64\debug\sdl_gamelife.tlog\cl.write.1.tlog
c:\users\mary\sdl_gamelife\x64\debug\sdl_gamelife.tlog\link.command.1.tlog
c:\users\mary\sdl_gamelife\x64\debug\sdl_gamelife.tlog\link.read.1.tlog
c:\users\mary\sdl_gamelife\x64\debug\sdl_gamelife.tlog\link.write.1.tlog
